<?xml version="1.0" encoding="UTF-8"?>
<testng-results skipped="0" failed="0" ignored="0" total="1" passed="1">
  <reporter-output>
  </reporter-output>
  <suite name="Default suite" duration-ms="74" started-at="2019-10-25T07:01:48Z" finished-at="2019-10-25T07:01:48Z">
    <groups>
    </groups>
    <test name="Default test" duration-ms="74" started-at="2019-10-25T07:01:48Z" finished-at="2019-10-25T07:01:48Z">
      <class name="com.ethans.automation.testng.FirstTestNgClass">
        <test-method status="PASS" signature="beforeMethod()[pri:0, instance:com.ethans.automation.testng.FirstTestNgClass@7f9a81e8]" name="beforeMethod" is-config="true" duration-ms="14" started-at="2019-10-25T12:31:48Z" finished-at="2019-10-25T12:31:48Z">
          <reporter-output>
          </reporter-output>
        </test-method> <!-- beforeMethod -->
        <test-method status="PASS" signature="test()[pri:0, instance:com.ethans.automation.testng.FirstTestNgClass@7f9a81e8]" name="test" duration-ms="7" started-at="2019-10-25T12:31:48Z" finished-at="2019-10-25T12:31:48Z">
          <reporter-output>
          </reporter-output>
        </test-method> <!-- test -->
        <test-method status="PASS" signature="afterMethod()[pri:0, instance:com.ethans.automation.testng.FirstTestNgClass@7f9a81e8]" name="afterMethod" is-config="true" duration-ms="1" started-at="2019-10-25T12:31:48Z" finished-at="2019-10-25T12:31:48Z">
          <reporter-output>
          </reporter-output>
        </test-method> <!-- afterMethod -->
      </class> <!-- com.ethans.automation.testng.FirstTestNgClass -->
    </test> <!-- Default test -->
  </suite> <!-- Default suite -->
</testng-results>
