<?xml version="1.0" encoding="UTF-8"?>
<!-- Generated by org.testng.reporters.JUnitXMLReporter -->
<testsuite ignored="2" hostname="DESKTOP-RB5LVC5" failures="0" tests="3" name="Grouping" time="0.025" errors="0" timestamp="21 Jul 2019 06:53:12 GMT">
  <testcase classname="com.ethans.automation.testng.TestNgGrouping" name="Organization1" time="0.0"/>
  <testcase classname="com.ethans.automation.testng.TestNgGrouping" name="Organization2" time="0.007"/>
  <testcase classname="com.ethans.automation.testng.TestNgGrouping" name="Tester" time="0.003"/>
  <testcase classname="com.ethans.automation.testng.TestNgGrouping" name="Employee2" time="0.0">
    <ignored/>
  </testcase> <!-- Employee2 -->
  <testcase classname="com.ethans.automation.testng.TestNgGrouping" name="Employee1" time="0.0">
    <ignored/>
  </testcase> <!-- Employee1 -->
</testsuite> <!-- Grouping -->
