<?xml version="1.0" encoding="UTF-8"?>
<!-- Generated by org.testng.reporters.JUnitXMLReporter -->
<testsuite ignored="5" hostname="DESKTOP-RB5LVC5" failures="0" tests="0" time="0.002" errors="0" timestamp="31 May 2019 16:58:21 GMT">
  <testcase classname="com.ethans.automation.testng.TestNgGrouping" name="tester" time="0.0">
    <ignored/>
  </testcase> <!-- tester -->
  <testcase classname="com.ethans.automation.testng.TestNgGrouping" name="Organization2" time="0.0">
    <ignored/>
  </testcase> <!-- Organization2 -->
  <testcase classname="com.ethans.automation.testng.TestNgGrouping" name="Organization1" time="0.0">
    <ignored/>
  </testcase> <!-- Organization1 -->
  <testcase classname="com.ethans.automation.testng.TestNgGrouping" name="Employee2" time="0.0">
    <ignored/>
  </testcase> <!-- Employee2 -->
  <testcase classname="com.ethans.automation.testng.TestNgGrouping" name="Employee1" time="0.0">
    <ignored/>
  </testcase> <!-- Employee1 -->
</testsuite>
