<?xml version="1.0" encoding="UTF-8"?>
<!-- Generated by org.testng.reporters.JUnitXMLReporter -->
<testsuite ignored="0" hostname="DESKTOP-RB5LVC5" failures="0" tests="2" name="Testing Sequence" time="0.042" errors="0" timestamp="02 Jun 2019 03:22:25 GMT">
  <testcase classname="com.ethans.automation.testng.TestNgSequence" name="testCase1" time="0.005"/>
  <testcase classname="com.ethans.automation.testng.TestNgSequence" name="testCase2" time="0.003"/>
</testsuite> <!-- Testing Sequence -->
