<?xml version="1.0" encoding="UTF-8"?>
<testng-results skipped="0" failed="0" ignored="0" total="1" passed="1">
  <reporter-output>
  </reporter-output>
  <suite name="Default suite" duration-ms="247" started-at="2019-10-25T11:22:39 IST" finished-at="2019-10-25T11:22:39 IST">
    <groups>
    </groups>
    <test name="Default test" duration-ms="247" started-at="2019-10-25T11:22:39 IST" finished-at="2019-10-25T11:22:39 IST">
      <class name="testngTutorials.FirstTestNGScript">
        <test-method status="PASS" signature="loginApplication()[pri:0, instance:testngTutorials.FirstTestNGScript@6e0e048a]" name="loginApplication" duration-ms="73" started-at="2019-10-25T11:22:39 IST" finished-at="2019-10-25T11:22:39 IST">
          <reporter-output>
          </reporter-output>
        </test-method> <!-- loginApplication -->
      </class> <!-- testngTutorials.FirstTestNGScript -->
    </test> <!-- Default test -->
  </suite> <!-- Default suite -->
</testng-results>
